[0m21:31:52.968676 [debug] [MainThread]: Sending event: {'category': 'dbt', 'action': 'invocation', 'label': 'start', 'context': [<snowplow_tracker.self_describing_json.SelfDescribingJson object at 0x0000026AA9DA69D0>, <snowplow_tracker.self_describing_json.SelfDescribingJson object at 0x0000026AA9EDF810>, <snowplow_tracker.self_describing_json.SelfDescribingJson object at 0x0000026AA9F05B90>]}


============================== 21:31:52.968676 | 581bf89b-0ca9-4432-b213-746c6ff0e5c2 ==============================
[0m21:31:52.968676 [info ] [MainThread]: Running with dbt=1.11.7
[0m21:31:52.968676 [debug] [MainThread]: running dbt with arguments {'version_check': 'True', 'no_print': 'None', 'static_parser': 'True', 'warn_error_options': 'WarnErrorOptionsV2(error=[], warn=[], silence=[])', 'target_path': 'None', 'printer_width': '80', 'write_json': 'True', 'introspect': 'True', 'log_cache_events': 'False', 'empty': 'None', 'cache_selected_only': 'False', 'log_format': 'default', 'debug': 'False', 'fail_fast': 'False', 'profiles_dir': 'C:\\Users\\Krutarth\\.dbt', 'send_anonymous_usage_stats': 'True', 'quiet': 'False', 'warn_error': 'None', 'partial_parse': 'True', 'use_colors': 'True', 'invocation_command': 'dbt init ecommerce_analytics', 'indirect_selection': 'eager', 'use_experimental_parser': 'False', 'log_path': 'logs'}
[0m21:31:53.013706 [info ] [MainThread]: Creating dbt configuration folder at C:\Users\Krutarth\.dbt
[0m21:31:53.019688 [debug] [MainThread]: Starter project path: C:\Projects\ecommerce-pipeline\.venv\Lib\site-packages\dbt\include\starter_project
[0m21:31:53.095521 [info ] [MainThread]: 
Your new dbt project "ecommerce_analytics" was created!

For more information on how to configure the profiles.yml file,
please consult the dbt documentation here:

  https://docs.getdbt.com/docs/configure-your-profile

One more thing:

Need help? Don't hesitate to reach out to us via GitHub issues or on Slack:

  https://community.getdbt.com/

Happy modeling!

[0m21:31:53.096994 [info ] [MainThread]: Setting up your profile.
[0m21:32:02.809512 [debug] [MainThread]: Snowflake adapter: Setting snowflake.connector to ERROR (file logging only)
[0m21:32:02.814045 [debug] [MainThread]: Snowflake adapter: Setting botocore to ERROR (file logging only)
[0m21:32:02.814045 [debug] [MainThread]: Snowflake adapter: Setting boto3 to ERROR (file logging only)
[0m21:33:17.679763 [info ] [MainThread]: Profile ecommerce_analytics written to C:\Users\Krutarth\.dbt\profiles.yml using target's profile_template.yml and your supplied values. Run 'dbt debug' to validate the connection.
[0m21:33:17.679763 [debug] [MainThread]: Command `dbt init` succeeded at 21:33:17.679763 after 84.82 seconds
[0m21:33:17.679763 [debug] [MainThread]: Sending event: {'category': 'dbt', 'action': 'invocation', 'label': 'end', 'context': [<snowplow_tracker.self_describing_json.SelfDescribingJson object at 0x0000026AA9EAD390>, <snowplow_tracker.self_describing_json.SelfDescribingJson object at 0x0000026AA23E3A10>, <snowplow_tracker.self_describing_json.SelfDescribingJson object at 0x0000026AC3171910>]}
[0m21:33:17.679763 [debug] [MainThread]: Flushing usage events
[0m21:33:18.584684 [debug] [MainThread]: An error was encountered while trying to flush usage events
[0m21:33:44.009713 [debug] [MainThread]: Sending event: {'category': 'dbt', 'action': 'invocation', 'label': 'start', 'context': [<snowplow_tracker.self_describing_json.SelfDescribingJson object at 0x00000251E5617890>, <snowplow_tracker.self_describing_json.SelfDescribingJson object at 0x00000251E56178D0>, <snowplow_tracker.self_describing_json.SelfDescribingJson object at 0x00000251E9EF3C10>]}


============================== 21:33:44.025370 | 902e9ff7-f1c2-4070-9692-e08969a6fd6e ==============================
[0m21:33:44.025370 [info ] [MainThread]: Running with dbt=1.11.7
[0m21:33:44.025370 [debug] [MainThread]: running dbt with arguments {'version_check': 'True', 'no_print': 'None', 'static_parser': 'True', 'warn_error_options': 'WarnErrorOptionsV2(error=[], warn=[], silence=[])', 'target_path': 'None', 'printer_width': '80', 'write_json': 'True', 'empty': 'None', 'log_cache_events': 'False', 'introspect': 'True', 'cache_selected_only': 'False', 'fail_fast': 'False', 'debug': 'False', 'log_format': 'default', 'profiles_dir': 'C:\\Users\\Krutarth\\.dbt', 'send_anonymous_usage_stats': 'True', 'quiet': 'False', 'warn_error': 'None', 'partial_parse': 'True', 'indirect_selection': 'eager', 'invocation_command': 'dbt debug', 'use_colors': 'True', 'use_experimental_parser': 'False', 'log_path': 'logs'}
[0m21:33:44.048728 [info ] [MainThread]: dbt version: 1.11.7
[0m21:33:44.056787 [info ] [MainThread]: python version: 3.11.9
[0m21:33:44.056787 [info ] [MainThread]: python path: C:\Projects\ecommerce-pipeline\.venv\Scripts\python.exe
[0m21:33:44.058683 [info ] [MainThread]: os info: Windows-10-10.0.26200-SP0
[0m21:33:45.412363 [debug] [MainThread]: Snowflake adapter: Setting snowflake.connector to ERROR (file logging only)
[0m21:33:45.412363 [debug] [MainThread]: Snowflake adapter: Setting botocore to ERROR (file logging only)
[0m21:33:45.412363 [debug] [MainThread]: Snowflake adapter: Setting boto3 to ERROR (file logging only)
[0m21:33:45.638352 [info ] [MainThread]: Using profiles dir at C:\Users\Krutarth\.dbt
[0m21:33:45.638352 [info ] [MainThread]: Using profiles.yml file at C:\Users\Krutarth\.dbt\profiles.yml
[0m21:33:45.638352 [info ] [MainThread]: Using dbt_project.yml file at C:\Projects\ecommerce-pipeline\dbt_project.yml
[0m21:33:45.645810 [info ] [MainThread]: adapter type: snowflake
[0m21:33:45.645810 [info ] [MainThread]: adapter version: 1.11.3
[0m21:33:45.645810 [info ] [MainThread]: Configuration:
[0m21:33:45.645810 [info ] [MainThread]:   profiles.yml file [[32mOK found and valid[0m]
[0m21:33:45.645810 [info ] [MainThread]:   dbt_project.yml file [[31mERROR not found[0m]
[0m21:33:45.645810 [info ] [MainThread]: Required dependencies:
[0m21:33:45.705951 [debug] [MainThread]: Executing "git --help"
[0m21:33:46.721301 [debug] [MainThread]: STDOUT: "b"usage: git [-v | --version] [-h | --help] [-C <path>] [-c <name>=<value>]\n           [--exec-path[=<path>]] [--html-path] [--man-path] [--info-path]\n           [-p | --paginate | -P | --no-pager] [--no-replace-objects] [--no-lazy-fetch]\n           [--no-optional-locks] [--no-advice] [--bare] [--git-dir=<path>]\n           [--work-tree=<path>] [--namespace=<name>] [--config-env=<name>=<envvar>]\n           <command> [<args>]\n\nThese are common Git commands used in various situations:\n\nstart a working area (see also: git help tutorial)\n   clone      Clone a repository into a new directory\n   init       Create an empty Git repository or reinitialize an existing one\n\nwork on the current change (see also: git help everyday)\n   add        Add file contents to the index\n   mv         Move or rename a file, a directory, or a symlink\n   restore    Restore working tree files\n   rm         Remove files from the working tree and from the index\n\nexamine the history and state (see also: git help revisions)\n   bisect     Use binary search to find the commit that introduced a bug\n   diff       Show changes between commits, commit and working tree, etc\n   grep       Print lines matching a pattern\n   log        Show commit logs\n   show       Show various types of objects\n   status     Show the working tree status\n\ngrow, mark and tweak your common history\n   backfill   Download missing objects in a partial clone\n   branch     List, create, or delete branches\n   commit     Record changes to the repository\n   merge      Join two or more development histories together\n   rebase     Reapply commits on top of another base tip\n   reset      Reset current HEAD to the specified state\n   switch     Switch branches\n   tag        Create, list, delete or verify tags\n\ncollaborate (see also: git help workflows)\n   fetch      Download objects and refs from another repository\n   pull       Fetch from and integrate with another repository or a local branch\n   push       Update remote refs along with associated objects\n\n'git help -a' and 'git help -g' list available subcommands and some\nconcept guides. See 'git help <command>' or 'git help <concept>'\nto read about a specific subcommand or concept.\nSee 'git help git' for an overview of the system.\n""
[0m21:33:46.721301 [debug] [MainThread]: STDERR: "b''"
[0m21:33:46.726832 [info ] [MainThread]:  - git [[32mOK found[0m]

[0m21:33:46.726832 [info ] [MainThread]: Connection:
[0m21:33:46.726832 [info ] [MainThread]:   account: cjc48922.us-east-1
[0m21:33:46.726832 [info ] [MainThread]:   user: Ksss6111
[0m21:33:46.726832 [info ] [MainThread]:   database: ECOMMERCE_DB
[0m21:33:46.726832 [info ] [MainThread]:   warehouse: ECOMMERCE_WH
[0m21:33:46.726832 [info ] [MainThread]:   role: ACCOUNTADMIN
[0m21:33:46.726832 [info ] [MainThread]:   schema: STAGING
[0m21:33:46.726832 [info ] [MainThread]:   authenticator: None
[0m21:33:46.726832 [info ] [MainThread]:   oauth_client_id: None
[0m21:33:46.726832 [info ] [MainThread]:   query_tag: None
[0m21:33:46.726832 [info ] [MainThread]:   client_session_keep_alive: False
[0m21:33:46.734766 [info ] [MainThread]:   host: None
[0m21:33:46.734766 [info ] [MainThread]:   port: None
[0m21:33:46.734766 [info ] [MainThread]:   proxy_host: None
[0m21:33:46.734766 [info ] [MainThread]:   proxy_port: None
[0m21:33:46.734766 [info ] [MainThread]:   protocol: None
[0m21:33:46.734766 [info ] [MainThread]:   connect_retries: 1
[0m21:33:46.734766 [info ] [MainThread]:   connect_timeout: None
[0m21:33:46.734766 [info ] [MainThread]:   retry_on_database_errors: False
[0m21:33:46.734766 [info ] [MainThread]:   retry_all: False
[0m21:33:46.734766 [info ] [MainThread]:   insecure_mode: False
[0m21:33:46.734766 [info ] [MainThread]:   reuse_connections: True
[0m21:33:46.734766 [info ] [MainThread]:   s3_stage_vpce_dns_name: None
[0m21:33:46.734766 [info ] [MainThread]:   platform_detection_timeout_seconds: 0.0
[0m21:33:46.734766 [info ] [MainThread]: Registered adapter: snowflake=1.11.3
[0m21:33:47.777621 [debug] [MainThread]: Acquiring new snowflake connection 'debug'
[0m21:33:51.336887 [debug] [MainThread]: Using snowflake connection "debug"
[0m21:33:51.336887 [debug] [MainThread]: On debug: select 1 as id
[0m21:33:51.336887 [debug] [MainThread]: Opening a new connection, currently in state init
[0m21:33:52.675400 [debug] [MainThread]: Snowflake adapter: Error running SQL: select 1 as id
[0m21:33:52.675400 [debug] [MainThread]: Snowflake adapter: Rolling back transaction.
[0m21:33:52.675400 [info ] [MainThread]:   Connection test: [[31mERROR[0m]

[0m21:33:52.677407 [info ] [MainThread]: [31m2 checks failed:[0m
[0m21:33:52.677407 [info ] [MainThread]: Project loading failed for the following reason:
 project path <C:\Projects\ecommerce-pipeline\dbt_project.yml> not found

[0m21:33:52.677407 [info ] [MainThread]: dbt was unable to connect to the specified database.
The database returned the following error:

  >Database Error
  250001 (08001): Failed to connect to DB: cjc48922.us-east-1.snowflakecomputing.com:443. Incorrect username or password was specified.

Check your database credentials and try again. For more information, visit:
https://docs.getdbt.com/docs/configure-your-profile


[0m21:33:52.677407 [debug] [MainThread]: Command `dbt debug` failed at 21:33:52.677407 after 8.86 seconds
[0m21:33:52.677407 [debug] [MainThread]: Connection 'debug' was left open.
[0m21:33:52.681061 [debug] [MainThread]: On debug: No close available on handle
[0m21:33:52.681061 [debug] [MainThread]: Sending event: {'category': 'dbt', 'action': 'invocation', 'label': 'end', 'context': [<snowplow_tracker.self_describing_json.SelfDescribingJson object at 0x00000251E8EBBD90>, <snowplow_tracker.self_describing_json.SelfDescribingJson object at 0x00000251839D40D0>, <snowplow_tracker.self_describing_json.SelfDescribingJson object at 0x00000251E8ED89D0>]}
[0m21:33:52.681061 [debug] [MainThread]: Flushing usage events
[0m21:33:53.006038 [debug] [MainThread]: An error was encountered while trying to flush usage events
